[0mCompiling "target/cljsbuild/public/js/app.js" from ["src/cljs" "src/cljc" "env/dev/cljs"]...[0m
[32mSuccessfully compiled "target/cljsbuild/public/js/app.js" in 2.634 seconds.[0m
notifying browser that file changed:  target/cljsbuild/public/js/out/goog/deps.js
notifying browser that file changed:  target/cljsbuild/public/js/out/cljs_deps.js
notifying browser that file changed:  target/cljsbuild/public/js/out/q4/core.js
[0mCompiling "target/cljsbuild/public/js/app.js" from ["src/cljs" "src/cljc" "env/dev/cljs"]...[0m
[36m----  Compiler Warning on   src/cljs/q4/events.cljs   line:85  column:2  ----[0m

  [1mUse of undeclared Var q4.events/reg-event-fx[0m

  [36m81[0m  [36m          (map #(four-in-a-row? board % game) s)[0m
  [36m82[0m  [36m          (set s)[0m
  [36m83[0m  [36m          (s true))))[0m
  [36m84[0m  [36m[0m
  [33m85[0m  [1m(reg-event-fx[0m
  [0m  [0m  [33m ^--- Use of undeclared Var q4.events/reg-event-fx[0m
  [36m86[0m  [36m  :check-board[0m
  [36m87[0m  [36m  (fn [{:keys [db]}][0m
  [36m88[0m  [36m    (let [colors {:r "Red" :b "Black"}][0m
  [36m89[0m  [36m      (if (winning-board (:board db) (:game db))[0m
  [36m90[0m  [36m        {:db (assoc db :alert (str ((:turn db) colors) " Wins!") :active false)}[0m

[36m----  Compiler Warning : Please see src/cljs/q4/events.cljs  ----[0m
[36m----  Compiler Warning on   src/cljs/q4/events.cljs   line:109  column:2  ----[0m

  [1mUse of undeclared Var q4.events/reg-event-fx[0m

  [36m105[0m  [36m        (recur (dec row))[0m
  [36m106[0m  [36m        [row column])[0m
  [36m107[0m  [36m      "full row")))[0m
  [36m108[0m  [36m[0m
  [33m109[0m  [1m(reg-event-fx[0m
  [0m   [0m  [33m ^--- Use of undeclared Var q4.events/reg-event-fx[0m
  [36m110[0m  [36m  :select-column[0m
  [36m111[0m  [36m  (fn [{:keys [db]} [_ space]][0m
  [36m112[0m  [36m    (let [empty-space (find-empty-space space (:board db))][0m
  [36m113[0m  [36m      (if (not= empty-space "full row")[0m
  [36m114[0m  [36m        {:db (update db :board #(assoc-in % empty-space (:turn db)))[0m

[36m----  Compiler Warning : Please see src/cljs/q4/events.cljs  ----[0m
[36m----  Compiler Warning on   src/cljs/q4/events.cljs   line:118  column:2  ----[0m

  [1mUse of undeclared Var q4.events/reg-event-fx[0m

  [36m114[0m  [36m        {:db (update db :board #(assoc-in % empty-space (:turn db)))[0m
  [36m115[0m  [36m         :dispatch [::check-board]}[0m
  [36m116[0m  [36m        {:db (assoc db :alert "This column is full, select a different one")}))))[0m
  [36m117[0m  [36m[0m
  [33m118[0m  [1m(reg-event-fx[0m
  [0m   [0m  [33m ^--- Use of undeclared Var q4.events/reg-event-fx[0m
  [36m119[0m  [36m  :play-again[0m
  [36m120[0m  [36m  (fn [{:keys [db]} _][0m
  [36m121[0m  [36m    {:dispatch [::initialize-db]}))[0m
  [36m122[0m  [36m[0m
  [36m123[0m  [36m(reg-event-db[0m

[36m----  Compiler Warning : Please see src/cljs/q4/events.cljs  ----[0m
[32mSuccessfully compiled "target/cljsbuild/public/js/app.js" in 1.668 seconds.[0m
notifying browser that file changed:  target/cljsbuild/public/js/out/goog/deps.js
notifying browser that file changed:  target/cljsbuild/public/js/out/cljs_deps.js
notifying browser that file changed:  target/cljsbuild/public/js/out/q4/events.js
[0mCompiling "target/cljsbuild/public/js/app.js" from ["src/cljs" "src/cljc" "env/dev/cljs"]...[0m
[36m----  Compiler Warning on   src/cljs/q4/events.cljs   line:85  column:2  ----[0m

  [1mUse of undeclared Var q4.events/reg-event-fx[0m

  [36m81[0m  [36m          (map #(four-in-a-row? board % game) s)[0m
  [36m82[0m  [36m          (set s)[0m
  [36m83[0m  [36m          (s true))))[0m
  [36m84[0m  [36m[0m
  [33m85[0m  [1m(reg-event-fx[0m
  [0m  [0m  [33m ^--- Use of undeclared Var q4.events/reg-event-fx[0m
  [36m86[0m  [36m  :check-board[0m
  [36m87[0m  [36m  (fn [{:keys [db]}][0m
  [36m88[0m  [36m    (let [colors {:r "Red" :b "Black"}][0m
  [36m89[0m  [36m      (if (winning-board (:board db) (:game db))[0m
  [36m90[0m  [36m        {:db (assoc db :alert (str ((:turn db) colors) " Wins!") :active false)}[0m

[36m----  Compiler Warning : Please see src/cljs/q4/events.cljs  ----[0m
[36m----  Compiler Warning on   src/cljs/q4/events.cljs   line:109  column:2  ----[0m

  [1mUse of undeclared Var q4.events/reg-event-fx[0m

  [36m105[0m  [36m        (recur (dec row))[0m
  [36m106[0m  [36m        [row column])[0m
  [36m107[0m  [36m      "full row")))[0m
  [36m108[0m  [36m[0m
  [33m109[0m  [1m(reg-event-fx[0m
  [0m   [0m  [33m ^--- Use of undeclared Var q4.events/reg-event-fx[0m
  [36m110[0m  [36m  :select-column[0m
  [36m111[0m  [36m  (fn [{:keys [db]} [_ space]][0m
  [36m112[0m  [36m    (let [empty-space (find-empty-space space (:board db))][0m
  [36m113[0m  [36m      (if (not= empty-space "full row")[0m
  [36m114[0m  [36m        {:db (update db :board #(assoc-in % empty-space (:turn db)))[0m

[36m----  Compiler Warning : Please see src/cljs/q4/events.cljs  ----[0m
[36m----  Compiler Warning on   src/cljs/q4/events.cljs   line:118  column:2  ----[0m

  [1mUse of undeclared Var q4.events/reg-event-fx[0m

  [36m114[0m  [36m        {:db (update db :board #(assoc-in % empty-space (:turn db)))[0m
  [36m115[0m  [36m         :dispatch [:check-board]}[0m
  [36m116[0m  [36m        {:db (assoc db :alert "This column is full, select a different one")}))))[0m
  [36m117[0m  [36m[0m
  [33m118[0m  [1m(reg-event-fx[0m
  [0m   [0m  [33m ^--- Use of undeclared Var q4.events/reg-event-fx[0m
  [36m119[0m  [36m  :play-again[0m
  [36m120[0m  [36m  (fn [{:keys [db]} _][0m
  [36m121[0m  [36m    {:dispatch [:initialize-db]}))[0m
  [36m122[0m  [36m[0m
  [36m123[0m  [36m(reg-event-db[0m

[36m----  Compiler Warning : Please see src/cljs/q4/events.cljs  ----[0m
[32mSuccessfully compiled "target/cljsbuild/public/js/app.js" in 3.21 seconds.[0m
notifying browser that file changed:  target/cljsbuild/public/js/out/goog/deps.js
notifying browser that file changed:  target/cljsbuild/public/js/out/cljs_deps.js
notifying browser that file changed:  target/cljsbuild/public/js/out/q4/events.js
[0mCompiling "target/cljsbuild/public/js/app.js" from ["src/cljs" "src/cljc" "env/dev/cljs"]...[0m
[32mSuccessfully compiled "target/cljsbuild/public/js/app.js" in 1.494 seconds.[0m
notifying browser that file changed:  target/cljsbuild/public/js/out/goog/deps.js
notifying browser that file changed:  target/cljsbuild/public/js/out/cljs_deps.js
notifying browser that file changed:  target/cljsbuild/public/js/out/q4/events.js
Notifying browser that CSS file changed: resources/public/css/screen.css
Notifying browser that CSS file changed: resources/public/css/screen.css
Notifying browser that CSS file changed: resources/public/css/screen.css
Notifying browser that CSS file changed: resources/public/css/screen.css
Notifying browser that CSS file changed: resources/public/css/screen.css
Notifying browser that CSS file changed: resources/public/css/screen.css
[0mCompiling "target/cljsbuild/public/js/app.js" from ["src/cljs" "src/cljc" "env/dev/cljs"]...[0m
[32mSuccessfully compiled "target/cljsbuild/public/js/app.js" in 2.605 seconds.[0m
notifying browser that file changed:  target/cljsbuild/public/js/out/goog/deps.js
notifying browser that file changed:  target/cljsbuild/public/js/out/cljs_deps.js
notifying browser that file changed:  target/cljsbuild/public/js/out/q4/core.js
[0mCompiling "target/cljsbuild/public/js/app.js" from ["src/cljs" "src/cljc" "env/dev/cljs"]...[0m
[32mSuccessfully compiled "target/cljsbuild/public/js/app.js" in 1.229 seconds.[0m
[0mCompiling "target/cljsbuild/public/js/app.js" from ["src/cljs" "src/cljc" "env/dev/cljs"]...[0m
[32mSuccessfully compiled "target/cljsbuild/public/js/app.js" in 0.889 seconds.[0m
notifying browser that file changed:  target/cljsbuild/public/js/out/q4/core.js
[0mCompiling "target/cljsbuild/public/js/app.js" from ["src/cljs" "src/cljc" "env/dev/cljs"]...[0m
[32mSuccessfully compiled "target/cljsbuild/public/js/app.js" in 1.08 seconds.[0m
[0mCompiling "target/cljsbuild/public/js/app.js" from ["src/cljs" "src/cljc" "env/dev/cljs"]...[0m
[32mSuccessfully compiled "target/cljsbuild/public/js/app.js" in 0.835 seconds.[0m
notifying browser that file changed:  target/cljsbuild/public/js/out/q4/core.js
[0mCompiling "target/cljsbuild/public/js/app.js" from ["src/cljs" "src/cljc" "env/dev/cljs"]...[0m
[36m----  Compiler Warning on   src/cljs/q4/core.cljs   line:115  column:1  ----[0m

  [1mhook-browser-navigation! at line 87 is being replaced[0m

  [36m112[0m  [36m;; -------------------------[0m
  [36m113[0m  [36m;; History[0m
  [36m114[0m  [36m;; must be called after routes have been defined[0m
  [33m115[0m  [1m(defn hook-browser-navigation! [][0m
  [0m   [0m  [33m^--- hook-browser-navigation! at line 87 is being replaced[0m
  [36m116[0m  [36m  (doto (History.)[0m
  [36m117[0m  [36m    (events/listen[0m
  [36m118[0m  [36m      HistoryEventType/NAVIGATE[0m
  [36m119[0m  [36m      (fn [event][0m
  [36m120[0m  [36m        (secretary/dispatch! (.-token event))))[0m

[36m----  Compiler Warning : Please see src/cljs/q4/core.cljs  ----[0m
[32mSuccessfully compiled "target/cljsbuild/public/js/app.js" in 0.97 seconds.[0m
[0mCompiling "target/cljsbuild/public/js/app.js" from ["src/cljs" "src/cljc" "env/dev/cljs"]...[0m
[32mSuccessfully compiled "target/cljsbuild/public/js/app.js" in 0.801 seconds.[0m
notifying browser that file changed:  target/cljsbuild/public/js/out/q4/core.js
[0mCompiling "target/cljsbuild/public/js/app.js" from ["src/cljs" "src/cljc" "env/dev/cljs"]...[0m
[36m----  Compiler Warning on   src/cljs/q4/core.cljs   line:116  column:1  ----[0m

  [1mhook-browser-navigation! at line 88 is being replaced[0m

  [36m113[0m  [36m;; -------------------------[0m
  [36m114[0m  [36m;; History[0m
  [36m115[0m  [36m;; must be called after routes have been defined[0m
  [33m116[0m  [1m(defn hook-browser-navigation! [][0m
  [0m   [0m  [33m^--- hook-browser-navigation! at line 88 is being replaced[0m
  [36m117[0m  [36m  (doto (History.)[0m
  [36m118[0m  [36m    (events/listen[0m
  [36m119[0m  [36m      HistoryEventType/NAVIGATE[0m
  [36m120[0m  [36m      (fn [event][0m
  [36m121[0m  [36m        (secretary/dispatch! (.-token event))))[0m

[36m----  Compiler Warning : Please see src/cljs/q4/core.cljs  ----[0m
[32mSuccessfully compiled "target/cljsbuild/public/js/app.js" in 1.064 seconds.[0m
[0mCompiling "target/cljsbuild/public/js/app.js" from ["src/cljs" "src/cljc" "env/dev/cljs"]...[0m
[32mSuccessfully compiled "target/cljsbuild/public/js/app.js" in 1.036 seconds.[0m
notifying browser that file changed:  target/cljsbuild/public/js/out/q4/core.js
Notifying browser that CSS file changed: resources/public/css/screen.css
Notifying browser that CSS file changed: resources/public/css/screen.css
[0mCompiling "target/cljsbuild/public/js/app.js" from ["src/cljs" "src/cljc" "env/dev/cljs"]...[0m
[36m----  Compiler Warning on   src/cljs/q4/core.cljs   line:117  column:1  ----[0m

  [1mhook-browser-navigation! at line 89 is being replaced[0m

  [36m114[0m  [36m;; -------------------------[0m
  [36m115[0m  [36m;; History[0m
  [36m116[0m  [36m;; must be called after routes have been defined[0m
  [33m117[0m  [1m(defn hook-browser-navigation! [][0m
  [0m   [0m  [33m^--- hook-browser-navigation! at line 89 is being replaced[0m
  [36m118[0m  [36m  (doto (History.)[0m
  [36m119[0m  [36m    (events/listen[0m
  [36m120[0m  [36m      HistoryEventType/NAVIGATE[0m
  [36m121[0m  [36m      (fn [event][0m
  [36m122[0m  [36m        (secretary/dispatch! (.-token event))))[0m

[36m----  Compiler Warning : Please see src/cljs/q4/core.cljs  ----[0m
[32mSuccessfully compiled "target/cljsbuild/public/js/app.js" in 1.059 seconds.[0m
[0mCompiling "target/cljsbuild/public/js/app.js" from ["src/cljs" "src/cljc" "env/dev/cljs"]...[0m
[32mSuccessfully compiled "target/cljsbuild/public/js/app.js" in 0.705 seconds.[0m
notifying browser that file changed:  target/cljsbuild/public/js/out/q4/core.js
[0mCompiling "target/cljsbuild/public/js/app.js" from ["src/cljs" "src/cljc" "env/dev/cljs"]...[0m
[36m----  Compiler Warning on   src/cljs/q4/core.cljs   line:119  column:1  ----[0m

  [1mhook-browser-navigation! at line 91 is being replaced[0m

  [36m116[0m  [36m;; -------------------------[0m
  [36m117[0m  [36m;; History[0m
  [36m118[0m  [36m;; must be called after routes have been defined[0m
  [33m119[0m  [1m(defn hook-browser-navigation! [][0m
  [0m   [0m  [33m^--- hook-browser-navigation! at line 91 is being replaced[0m
  [36m120[0m  [36m  (doto (History.)[0m
  [36m121[0m  [36m    (events/listen[0m
  [36m122[0m  [36m      HistoryEventType/NAVIGATE[0m
  [36m123[0m  [36m      (fn [event][0m
  [36m124[0m  [36m        (secretary/dispatch! (.-token event))))[0m

[36m----  Compiler Warning : Please see src/cljs/q4/core.cljs  ----[0m
[32mSuccessfully compiled "target/cljsbuild/public/js/app.js" in 1.18 seconds.[0m
notifying browser that file changed:  target/cljsbuild/public/js/out/q4/core.js
[0mCompiling "target/cljsbuild/public/js/app.js" from ["src/cljs" "src/cljc" "env/dev/cljs"]...[0m
[36m----  Compiler Warning on   src/cljs/q4/core.cljs   line:117  column:1  ----[0m

  [1mhook-browser-navigation! at line 89 is being replaced[0m

  [36m114[0m  [36m;; -------------------------[0m
  [36m115[0m  [36m;; History[0m
  [36m116[0m  [36m;; must be called after routes have been defined[0m
  [33m117[0m  [1m(defn hook-browser-navigation! [][0m
  [0m   [0m  [33m^--- hook-browser-navigation! at line 89 is being replaced[0m
  [36m118[0m  [36m  (doto (History.)[0m
  [36m119[0m  [36m    (events/listen[0m
  [36m120[0m  [36m      HistoryEventType/NAVIGATE[0m
  [36m121[0m  [36m      (fn [event][0m
  [36m122[0m  [36m        (secretary/dispatch! (.-token event))))[0m

[36m----  Compiler Warning : Please see src/cljs/q4/core.cljs  ----[0m
[32mSuccessfully compiled "target/cljsbuild/public/js/app.js" in 1.278 seconds.[0m
notifying browser that file changed:  target/cljsbuild/public/js/out/q4/core.js
[0mCompiling "target/cljsbuild/public/js/app.js" from ["src/cljs" "src/cljc" "env/dev/cljs"]...[0m
[36m----  Compiler Warning on   src/cljs/q4/core.cljs   line:115  column:1  ----[0m

  [1mhook-browser-navigation! at line 87 is being replaced[0m

  [36m112[0m  [36m;; -------------------------[0m
  [36m113[0m  [36m;; History[0m
  [36m114[0m  [36m;; must be called after routes have been defined[0m
  [33m115[0m  [1m(defn hook-browser-navigation! [][0m
  [0m   [0m  [33m^--- hook-browser-navigation! at line 87 is being replaced[0m
  [36m116[0m  [36m  (doto (History.)[0m
  [36m117[0m  [36m    (events/listen[0m
  [36m118[0m  [36m      HistoryEventType/NAVIGATE[0m
  [36m119[0m  [36m      (fn [event][0m
  [36m120[0m  [36m        (secretary/dispatch! (.-token event))))[0m

[36m----  Compiler Warning : Please see src/cljs/q4/core.cljs  ----[0m
[32mSuccessfully compiled "target/cljsbuild/public/js/app.js" in 1.072 seconds.[0m
[0mCompiling "target/cljsbuild/public/js/app.js" from ["src/cljs" "src/cljc" "env/dev/cljs"]...[0m
[32mSuccessfully compiled "target/cljsbuild/public/js/app.js" in 0.74 seconds.[0m
notifying browser that file changed:  target/cljsbuild/public/js/out/q4/core.js
[0mCompiling "target/cljsbuild/public/js/app.js" from ["src/cljs" "src/cljc" "env/dev/cljs"]...[0m
[36m----  Compiler Warning on   src/cljs/q4/core.cljs   line:114  column:1  ----[0m

  [1mhook-browser-navigation! at line 86 is being replaced[0m

  [36m111[0m  [36m;; -------------------------[0m
  [36m112[0m  [36m;; History[0m
  [36m113[0m  [36m;; must be called after routes have been defined[0m
  [33m114[0m  [1m(defn hook-browser-navigation! [][0m
  [0m   [0m  [33m^--- hook-browser-navigation! at line 86 is being replaced[0m
  [36m115[0m  [36m  (doto (History.)[0m
  [36m116[0m  [36m    (events/listen[0m
  [36m117[0m  [36m      HistoryEventType/NAVIGATE[0m
  [36m118[0m  [36m      (fn [event][0m
  [36m119[0m  [36m        (secretary/dispatch! (.-token event))))[0m

[36m----  Compiler Warning : Please see src/cljs/q4/core.cljs  ----[0m
[32mSuccessfully compiled "target/cljsbuild/public/js/app.js" in 1.128 seconds.[0m
[0mCompiling "target/cljsbuild/public/js/app.js" from ["src/cljs" "src/cljc" "env/dev/cljs"]...[0m
[32mSuccessfully compiled "target/cljsbuild/public/js/app.js" in 0.884 seconds.[0m
notifying browser that file changed:  target/cljsbuild/public/js/out/q4/core.js
[0mCompiling "target/cljsbuild/public/js/app.js" from ["src/cljs" "src/cljc" "env/dev/cljs"]...[0m
[32mSuccessfully compiled "target/cljsbuild/public/js/app.js" in 1.217 seconds.[0m
[0mCompiling "target/cljsbuild/public/js/app.js" from ["src/cljs" "src/cljc" "env/dev/cljs"]...[0m
[32mSuccessfully compiled "target/cljsbuild/public/js/app.js" in 0.662 seconds.[0m
notifying browser that file changed:  target/cljsbuild/public/js/out/q4/core.js
[0mCompiling "target/cljsbuild/public/js/app.js" from ["src/cljs" "src/cljc" "env/dev/cljs"]...[0m
[32mSuccessfully compiled "target/cljsbuild/public/js/app.js" in 0.86 seconds.[0m
[0mCompiling "target/cljsbuild/public/js/app.js" from ["src/cljs" "src/cljc" "env/dev/cljs"]...[0m
[32mSuccessfully compiled "target/cljsbuild/public/js/app.js" in 0.657 seconds.[0m
notifying browser that file changed:  target/cljsbuild/public/js/out/q4/core.js
Notifying browser that CSS file changed: resources/public/css/screen.css
Notifying browser that CSS file changed: resources/public/css/screen.css
Notifying browser that CSS file changed: resources/public/css/screen.css
Notifying browser that CSS file changed: resources/public/css/screen.css
Notifying browser that CSS file changed: resources/public/css/screen.css
Notifying browser that CSS file changed: resources/public/css/screen.css
Notifying browser that CSS file changed: resources/public/css/screen.css
Notifying browser that CSS file changed: resources/public/css/screen.css
Notifying browser that CSS file changed: resources/public/css/screen.css
Notifying browser that CSS file changed: resources/public/css/screen.css
Notifying browser that CSS file changed: resources/public/css/screen.css
Notifying browser that CSS file changed: resources/public/css/screen.css
Notifying browser that CSS file changed: resources/public/css/screen.css
Notifying browser that CSS file changed: resources/public/css/screen.css
[0mCompiling "target/cljsbuild/public/js/app.js" from ["src/cljs" "src/cljc" "env/dev/cljs"]...[0m
[32mSuccessfully compiled "target/cljsbuild/public/js/app.js" in 0.844 seconds.[0m
[0mCompiling "target/cljsbuild/public/js/app.js" from ["src/cljs" "src/cljc" "env/dev/cljs"]...[0m
[32mSuccessfully compiled "target/cljsbuild/public/js/app.js" in 0.685 seconds.[0m
notifying browser that file changed:  target/cljsbuild/public/js/out/q4/core.js
Notifying browser that CSS file changed: resources/public/css/screen.css
Notifying browser that CSS file changed: resources/public/css/screen.css
Notifying browser that CSS file changed: resources/public/css/screen.css
Notifying browser that CSS file changed: resources/public/css/screen.css
Notifying browser that CSS file changed: resources/public/css/screen.css
[0mCompiling "target/cljsbuild/public/js/app.js" from ["src/cljs" "src/cljc" "env/dev/cljs"]...[0m
[32mSuccessfully compiled "target/cljsbuild/public/js/app.js" in 0.861 seconds.[0m
[0mCompiling "target/cljsbuild/public/js/app.js" from ["src/cljs" "src/cljc" "env/dev/cljs"]...[0m
[32mSuccessfully compiled "target/cljsbuild/public/js/app.js" in 0.724 seconds.[0m
notifying browser that file changed:  target/cljsbuild/public/js/out/q4/core.js
[0mCompiling "target/cljsbuild/public/js/app.js" from ["src/cljs" "src/cljc" "env/dev/cljs"]...[0m
[32mSuccessfully compiled "target/cljsbuild/public/js/app.js" in 1.205 seconds.[0m
[0mCompiling "target/cljsbuild/public/js/app.js" from ["src/cljs" "src/cljc" "env/dev/cljs"]...[0m
[32mSuccessfully compiled "target/cljsbuild/public/js/app.js" in 0.966 seconds.[0m
notifying browser that file changed:  target/cljsbuild/public/js/out/q4/core.js
[0mCompiling "target/cljsbuild/public/js/app.js" from ["src/cljs" "src/cljc" "env/dev/cljs"]...[0m
[32mSuccessfully compiled "target/cljsbuild/public/js/app.js" in 0.855 seconds.[0m
[0mCompiling "target/cljsbuild/public/js/app.js" from ["src/cljs" "src/cljc" "env/dev/cljs"]...[0m
[32mSuccessfully compiled "target/cljsbuild/public/js/app.js" in 0.696 seconds.[0m
notifying browser that file changed:  target/cljsbuild/public/js/out/q4/core.js
[0mCompiling "target/cljsbuild/public/js/app.js" from ["src/cljs" "src/cljc" "env/dev/cljs"]...[0m
[32mSuccessfully compiled "target/cljsbuild/public/js/app.js" in 0.948 seconds.[0m
notifying browser that file changed:  target/cljsbuild/public/js/out/q4/core.js
Notifying browser that CSS file changed: resources/public/css/screen.css
Notifying browser that CSS file changed: resources/public/css/screen.css
Notifying browser that CSS file changed: resources/public/css/screen.css
Notifying browser that CSS file changed: resources/public/css/screen.css
Notifying browser that CSS file changed: resources/public/css/screen.css
Notifying browser that CSS file changed: resources/public/css/screen.css
Notifying browser that CSS file changed: resources/public/css/screen.css
Notifying browser that CSS file changed: resources/public/css/screen.css
Notifying browser that CSS file changed: resources/public/css/screen.css
Notifying browser that CSS file changed: resources/public/css/screen.css
Notifying browser that CSS file changed: resources/public/css/screen.css
Notifying browser that CSS file changed: resources/public/css/screen.css
Notifying browser that CSS file changed: resources/public/css/screen.css
Notifying browser that CSS file changed: resources/public/css/screen.css
[0mCompiling "target/cljsbuild/public/js/app.js" from ["src/cljs" "src/cljc" "env/dev/cljs"]...[0m
[32mSuccessfully compiled "target/cljsbuild/public/js/app.js" in 0.818 seconds.[0m
[0mCompiling "target/cljsbuild/public/js/app.js" from ["src/cljs" "src/cljc" "env/dev/cljs"]...[0m
[32mSuccessfully compiled "target/cljsbuild/public/js/app.js" in 0.654 seconds.[0m
notifying browser that file changed:  target/cljsbuild/public/js/out/q4/core.js
Notifying browser that CSS file changed: resources/public/css/screen.css
Notifying browser that CSS file changed: resources/public/css/screen.css
Notifying browser that CSS file changed: resources/public/css/screen.css
Notifying browser that CSS file changed: resources/public/css/screen.css
Notifying browser that CSS file changed: resources/public/css/screen.css
Notifying browser that CSS file changed: resources/public/css/screen.css
Notifying browser that CSS file changed: resources/public/css/screen.css
Notifying browser that CSS file changed: resources/public/css/screen.css
Notifying browser that CSS file changed: resources/public/css/screen.css
Notifying browser that CSS file changed: resources/public/css/screen.css
[0mCompiling "target/cljsbuild/public/js/app.js" from ["src/cljs" "src/cljc" "env/dev/cljs"]...[0m
[32mSuccessfully compiled "target/cljsbuild/public/js/app.js" in 2.386 seconds.[0m
[0mCompiling "target/cljsbuild/public/js/app.js" from ["src/cljs" "src/cljc" "env/dev/cljs"]...[0m
[32mSuccessfully compiled "target/cljsbuild/public/js/app.js" in 0.988 seconds.[0m
notifying browser that file changed:  target/cljsbuild/public/js/out/q4/core.js
Notifying browser that CSS file changed: resources/public/css/screen.css
Notifying browser that CSS file changed: resources/public/css/screen.css
Notifying browser that CSS file changed: resources/public/css/screen.css
Notifying browser that CSS file changed: resources/public/css/screen.css
Notifying browser that CSS file changed: resources/public/css/screen.css
Notifying browser that CSS file changed: resources/public/css/screen.css
Notifying browser that CSS file changed: resources/public/css/screen.css
Notifying browser that CSS file changed: resources/public/css/screen.css
Notifying browser that CSS file changed: resources/public/css/screen.css
Notifying browser that CSS file changed: resources/public/css/screen.css
Notifying browser that CSS file changed: resources/public/css/screen.css
Notifying browser that CSS file changed: resources/public/css/screen.css
Notifying browser that CSS file changed: resources/public/css/screen.css
Notifying browser that CSS file changed: resources/public/css/screen.css
Notifying browser that CSS file changed: resources/public/css/screen.css
[0mCompiling "target/cljsbuild/public/js/app.js" from ["src/cljs" "src/cljc" "env/dev/cljs"]...[0m
[32mSuccessfully compiled "target/cljsbuild/public/js/app.js" in 0.784 seconds.[0m
[0mCompiling "target/cljsbuild/public/js/app.js" from ["src/cljs" "src/cljc" "env/dev/cljs"]...[0m
[32mSuccessfully compiled "target/cljsbuild/public/js/app.js" in 0.64 seconds.[0m
notifying browser that file changed:  target/cljsbuild/public/js/out/q4/core.js
Notifying browser that CSS file changed: resources/public/css/screen.css
[0mCompiling "target/cljsbuild/public/js/app.js" from ["src/cljs" "src/cljc" "env/dev/cljs"]...[0m
[32mSuccessfully compiled "target/cljsbuild/public/js/app.js" in 0.938 seconds.[0m
notifying browser that file changed:  target/cljsbuild/public/js/out/q4/core.js
Notifying browser that CSS file changed: resources/public/css/screen.css
Notifying browser that CSS file changed: resources/public/css/screen.css
Notifying browser that CSS file changed: resources/public/css/screen.css
Notifying browser that CSS file changed: resources/public/css/screen.css
Notifying browser that CSS file changed: resources/public/css/screen.css
Notifying browser that CSS file changed: resources/public/css/screen.css
[0mCompiling "target/cljsbuild/public/js/app.js" from ["src/cljs" "src/cljc" "env/dev/cljs"]...[0m
[32mSuccessfully compiled "target/cljsbuild/public/js/app.js" in 0.758 seconds.[0m
notifying browser that file changed:  target/cljsbuild/public/js/out/q4/core.js
[0mCompiling "target/cljsbuild/public/js/app.js" from ["src/cljs" "src/cljc" "env/dev/cljs"]...[0m
[32mSuccessfully compiled "target/cljsbuild/public/js/app.js" in 0.77 seconds.[0m
[0mCompiling "target/cljsbuild/public/js/app.js" from ["src/cljs" "src/cljc" "env/dev/cljs"]...[0m
[32mSuccessfully compiled "target/cljsbuild/public/js/app.js" in 0.68 seconds.[0m
notifying browser that file changed:  target/cljsbuild/public/js/out/q4/core.js
Notifying browser that CSS file changed: resources/public/css/screen.css
Notifying browser that CSS file changed: resources/public/css/screen.css
Notifying browser that CSS file changed: resources/public/css/screen.css
Notifying browser that CSS file changed: resources/public/css/screen.css
Notifying browser that CSS file changed: resources/public/css/screen.css
Notifying browser that CSS file changed: resources/public/css/screen.css
Notifying browser that CSS file changed: resources/public/css/screen.css
Notifying browser that CSS file changed: resources/public/css/screen.css
[0mCompiling "target/cljsbuild/public/js/app.js" from ["src/cljs" "src/cljc" "env/dev/cljs"]...[0m
[32mSuccessfully compiled "target/cljsbuild/public/js/app.js" in 0.971 seconds.[0m
[0mCompiling "target/cljsbuild/public/js/app.js" from ["src/cljs" "src/cljc" "env/dev/cljs"]...[0m
[32mSuccessfully compiled "target/cljsbuild/public/js/app.js" in 0.69 seconds.[0m
notifying browser that file changed:  target/cljsbuild/public/js/out/q4/core.js
Notifying browser that CSS file changed: resources/public/css/screen.css
Notifying browser that CSS file changed: resources/public/css/screen.css
Notifying browser that CSS file changed: resources/public/css/screen.css
Notifying browser that CSS file changed: resources/public/css/screen.css
Notifying browser that CSS file changed: resources/public/css/screen.css
Notifying browser that CSS file changed: resources/public/css/screen.css
Notifying browser that CSS file changed: resources/public/css/screen.css
Notifying browser that CSS file changed: resources/public/css/screen.css
Notifying browser that CSS file changed: resources/public/css/screen.css
Notifying browser that CSS file changed: resources/public/css/screen.css
Notifying browser that CSS file changed: resources/public/css/screen.css
Notifying browser that CSS file changed: resources/public/css/screen.css
Notifying browser that CSS file changed: resources/public/css/screen.css
Notifying browser that CSS file changed: resources/public/css/screen.css
Notifying browser that CSS file changed: resources/public/css/screen.css
Notifying browser that CSS file changed: resources/public/css/screen.css
Notifying browser that CSS file changed: resources/public/css/screen.css
Notifying browser that CSS file changed: resources/public/css/screen.css
Notifying browser that CSS file changed: resources/public/css/screen.css
Notifying browser that CSS file changed: resources/public/css/screen.css
Notifying browser that CSS file changed: resources/public/css/screen.css
Notifying browser that CSS file changed: resources/public/css/screen.css
Notifying browser that CSS file changed: resources/public/css/screen.css
Notifying browser that CSS file changed: resources/public/css/screen.css
Notifying browser that CSS file changed: resources/public/css/screen.css
Notifying browser that CSS file changed: resources/public/css/screen.css
Notifying browser that CSS file changed: resources/public/css/screen.css
Notifying browser that CSS file changed: resources/public/css/screen.css
Notifying browser that CSS file changed: resources/public/css/screen.css
Notifying browser that CSS file changed: resources/public/css/screen.css
Notifying browser that CSS file changed: resources/public/css/screen.css
Notifying browser that CSS file changed: resources/public/css/screen.css
Notifying browser that CSS file changed: resources/public/css/screen.css
Notifying browser that CSS file changed: resources/public/css/screen.css
Notifying browser that CSS file changed: resources/public/css/screen.css
Notifying browser that CSS file changed: resources/public/css/screen.css
Notifying browser that CSS file changed: resources/public/css/screen.css
Notifying browser that CSS file changed: resources/public/css/screen.css
Notifying browser that CSS file changed: resources/public/css/screen.css
Notifying browser that CSS file changed: resources/public/css/screen.css
Notifying browser that CSS file changed: resources/public/css/screen.css
[0mCompiling "target/cljsbuild/public/js/app.js" from ["src/cljs" "src/cljc" "env/dev/cljs"]...[0m
[32mSuccessfully compiled "target/cljsbuild/public/js/app.js" in 1.969 seconds.[0m
[0mCompiling "target/cljsbuild/public/js/app.js" from ["src/cljs" "src/cljc" "env/dev/cljs"]...[0m
[32mSuccessfully compiled "target/cljsbuild/public/js/app.js" in 1.572 seconds.[0m
notifying browser that file changed:  target/cljsbuild/public/js/out/goog/deps.js
notifying browser that file changed:  target/cljsbuild/public/js/out/cljs_deps.js
notifying browser that file changed:  target/cljsbuild/public/js/out/q4/core.js
[0mCompiling "target/cljsbuild/public/js/app.js" from ["src/cljs" "src/cljc" "env/dev/cljs"]...[0m
[32mSuccessfully compiled "target/cljsbuild/public/js/app.js" in 1.524 seconds.[0m
[0mCompiling "target/cljsbuild/public/js/app.js" from ["src/cljs" "src/cljc" "env/dev/cljs"]...[0m
[32mSuccessfully compiled "target/cljsbuild/public/js/app.js" in 1.308 seconds.[0m
notifying browser that file changed:  target/cljsbuild/public/js/out/q4/core.js
[0mCompiling "target/cljsbuild/public/js/app.js" from ["src/cljs" "src/cljc" "env/dev/cljs"]...[0m
[32mSuccessfully compiled "target/cljsbuild/public/js/app.js" in 1.375 seconds.[0m
notifying browser that file changed:  target/cljsbuild/public/js/out/q4/core.js
[0mCompiling "target/cljsbuild/public/js/app.js" from ["src/cljs" "src/cljc" "env/dev/cljs"]...[0m
[32mSuccessfully compiled "target/cljsbuild/public/js/app.js" in 0.976 seconds.[0m
notifying browser that file changed:  target/cljsbuild/public/js/out/q4/core.js
Notifying browser that CSS file changed: resources/public/css/screen.css
[0mCompiling "target/cljsbuild/public/js/app.js" from ["src/cljs" "src/cljc" "env/dev/cljs"]...[0m
[32mSuccessfully compiled "target/cljsbuild/public/js/app.js" in 1.044 seconds.[0m
notifying browser that file changed:  target/cljsbuild/public/js/out/q4/core.js
Notifying browser that CSS file changed: resources/public/css/screen.css
[0mCompiling "target/cljsbuild/public/js/app.js" from ["src/cljs" "src/cljc" "env/dev/cljs"]...[0m
[32mSuccessfully compiled "target/cljsbuild/public/js/app.js" in 1.159 seconds.[0m
notifying browser that file changed:  target/cljsbuild/public/js/out/q4/core.js
[0mCompiling "target/cljsbuild/public/js/app.js" from ["src/cljs" "src/cljc" "env/dev/cljs"]...[0m
[32mSuccessfully compiled "target/cljsbuild/public/js/app.js" in 0.996 seconds.[0m
notifying browser that file changed:  target/cljsbuild/public/js/out/q4/events.js
[0mCompiling "target/cljsbuild/public/js/app.js" from ["src/cljs" "src/cljc" "env/dev/cljs"]...[0m
[32mSuccessfully compiled "target/cljsbuild/public/js/app.js" in 0.914 seconds.[0m
notifying browser that file changed:  target/cljsbuild/public/js/out/q4/core.js
[0mCompiling "target/cljsbuild/public/js/app.js" from ["src/cljs" "src/cljc" "env/dev/cljs"]...[0m
[36m----  Compiler Warning on   src/cljs/q4/core.cljs   line:56  column:22  ----[0m

  [1mUse of undeclared Var q4.core/hover-cell[0m

  [36m52[0m  [36m  (let [hover-col @(rf/subscribe [:hover-cell])])[0m
  [36m53[0m  [36m  [:div[0m
  [36m54[0m  [36m   [:table {:style {:margin "auto"}}[0m
  [36m55[0m  [36m    [:tr[0m
  [33m56[0m  [1m     [:td.hover-cell hover-cell][:td.hover-cell][:td.hover-cell][:td.hover-cell][:td.hover-cell][:td.hover-cell][:td.hover-cell]]]])[0m
  [0m  [0m  [33m                     ^--- Use of undeclared Var q4.core/hover-cell[0m
  [36m57[0m  [36m[0m
  [36m58[0m  [36m(defn game-chooser [][0m
  [36m59[0m  [36m  [:div.chooser "What do you want to play?"[0m
  [36m60[0m  [36m   [:div {:on-click #(rf/dispatch [:choose-game :quaint])} "Quaint"][0m
  [36m61[0m  [36m   [:div {:on-click #(rf/dispatch [:choose-game :quasi])}  "Quasi"][0m

[36m----  Compiler Warning : Please see src/cljs/q4/core.cljs  ----[0m
[32mSuccessfully compiled "target/cljsbuild/public/js/app.js" in 1.079 seconds.[0m
notifying browser that file changed:  target/cljsbuild/public/js/out/q4/core.js
[0mCompiling "target/cljsbuild/public/js/app.js" from ["src/cljs" "src/cljc" "env/dev/cljs"]...[0m
[36m----  Compiler Warning on   src/cljs/q4/core.cljs   line:56  column:22  ----[0m

  [1mUse of undeclared Var q4.core/hover-col[0m

  [36m52[0m  [36m  (let [hover-col @(rf/subscribe [:hover-cell])])[0m
  [36m53[0m  [36m  [:div[0m
  [36m54[0m  [36m   [:table {:style {:margin "auto"}}[0m
  [36m55[0m  [36m    [:tr[0m
  [33m56[0m  [1m     [:td.hover-cell hover-col][:td.hover-cell][:td.hover-cell][:td.hover-cell][:td.hover-cell][:td.hover-cell][:td.hover-cell]]]])[0m
  [0m  [0m  [33m                     ^--- Use of undeclared Var q4.core/hover-col[0m
  [36m57[0m  [36m[0m
  [36m58[0m  [36m(defn game-chooser [][0m
  [36m59[0m  [36m  [:div.chooser "What do you want to play?"[0m
  [36m60[0m  [36m   [:div {:on-click #(rf/dispatch [:choose-game :quaint])} "Quaint"][0m
  [36m61[0m  [36m   [:div {:on-click #(rf/dispatch [:choose-game :quasi])}  "Quasi"][0m

[36m----  Compiler Warning : Please see src/cljs/q4/core.cljs  ----[0m
[32mSuccessfully compiled "target/cljsbuild/public/js/app.js" in 1.159 seconds.[0m
notifying browser that file changed:  target/cljsbuild/public/js/out/q4/core.js
[0mCompiling "target/cljsbuild/public/js/app.js" from ["src/cljs" "src/cljc" "env/dev/cljs"]...[0m
[32mSuccessfully compiled "target/cljsbuild/public/js/app.js" in 1.258 seconds.[0m
notifying browser that file changed:  target/cljsbuild/public/js/out/q4/core.js
[0mCompiling "target/cljsbuild/public/js/app.js" from ["src/cljs" "src/cljc" "env/dev/cljs"]...[0m
[32mSuccessfully compiled "target/cljsbuild/public/js/app.js" in 1.035 seconds.[0m
[0mCompiling "target/cljsbuild/public/js/app.js" from ["src/cljs" "src/cljc" "env/dev/cljs"]...[0m
[32mSuccessfully compiled "target/cljsbuild/public/js/app.js" in 0.684 seconds.[0m
notifying browser that file changed:  target/cljsbuild/public/js/out/q4/core.js
[0mCompiling "target/cljsbuild/public/js/app.js" from ["src/cljs" "src/cljc" "env/dev/cljs"]...[0m
[32mSuccessfully compiled "target/cljsbuild/public/js/app.js" in 1.025 seconds.[0m
notifying browser that file changed:  target/cljsbuild/public/js/out/q4/events.js
[0mCompiling "target/cljsbuild/public/js/app.js" from ["src/cljs" "src/cljc" "env/dev/cljs"]...[0m
[31mFailed to compile "target/cljsbuild/public/js/app.js" in 0.361 seconds.[0m
[36m----  Could not Read  src/cljs/q4/core.cljs   line:37  column:63  ----[0m

  [1mDuplicate key: :on-click[0m

  [36m35[0m  [36m            (when active?[0m
  [36m36[0m  [36m              {:on-click #(rf/dispatch [:select-column space])[0m
  [33m37[0m  [1m               :on-click #(rf/dispatch [:hover-column space])})[0m
  [0m  [0m  [33m                                                              ^--- Duplicate key: :on-click[0m
  [36m38[0m  [36m            (circle space-value))))[0m
  [36m39[0m  [36m[0m
  [36m40[0m  [36m(defn table-board [][0m

[36m----  Reader Error : Please see src/cljs/q4/core.cljs  ----[0m
[0mCompiling "target/cljsbuild/public/js/app.js" from ["src/cljs" "src/cljc" "env/dev/cljs"]...[0m
[32mSuccessfully compiled "target/cljsbuild/public/js/app.js" in 0.892 seconds.[0m
notifying browser that file changed:  target/cljsbuild/public/js/out/q4/core.js
[0mCompiling "target/cljsbuild/public/js/app.js" from ["src/cljs" "src/cljc" "env/dev/cljs"]...[0m
[32mSuccessfully compiled "target/cljsbuild/public/js/app.js" in 1.007 seconds.[0m
[0mCompiling "target/cljsbuild/public/js/app.js" from ["src/cljs" "src/cljc" "env/dev/cljs"]...[0m
[32mSuccessfully compiled "target/cljsbuild/public/js/app.js" in 0.691 seconds.[0m
notifying browser that file changed:  target/cljsbuild/public/js/out/q4/events.js
[0mCompiling "target/cljsbuild/public/js/app.js" from ["src/cljs" "src/cljc" "env/dev/cljs"]...[0m
[32mSuccessfully compiled "target/cljsbuild/public/js/app.js" in 1.07 seconds.[0m
notifying browser that file changed:  target/cljsbuild/public/js/out/q4/events.js
[0mCompiling "target/cljsbuild/public/js/app.js" from ["src/cljs" "src/cljc" "env/dev/cljs"]...[0m
[32mSuccessfully compiled "target/cljsbuild/public/js/app.js" in 0.871 seconds.[0m
notifying browser that file changed:  target/cljsbuild/public/js/out/q4/core.js
[0mCompiling "target/cljsbuild/public/js/app.js" from ["src/cljs" "src/cljc" "env/dev/cljs"]...[0m
[32mSuccessfully compiled "target/cljsbuild/public/js/app.js" in 1.273 seconds.[0m
notifying browser that file changed:  target/cljsbuild/public/js/out/goog/deps.js
notifying browser that file changed:  target/cljsbuild/public/js/out/cljs_deps.js
notifying browser that file changed:  target/cljsbuild/public/js/out/q4/core.js
[0mCompiling "target/cljsbuild/public/js/app.js" from ["src/cljs" "src/cljc" "env/dev/cljs"]...[0m
[32mSuccessfully compiled "target/cljsbuild/public/js/app.js" in 1.438 seconds.[0m
notifying browser that file changed:  target/cljsbuild/public/js/out/q4/events.js
[0mCompiling "target/cljsbuild/public/js/app.js" from ["src/cljs" "src/cljc" "env/dev/cljs"]...[0m
[32mSuccessfully compiled "target/cljsbuild/public/js/app.js" in 1.02 seconds.[0m
notifying browser that file changed:  target/cljsbuild/public/js/out/q4/core.js
[0mCompiling "target/cljsbuild/public/js/app.js" from ["src/cljs" "src/cljc" "env/dev/cljs"]...[0m
[32mSuccessfully compiled "target/cljsbuild/public/js/app.js" in 1.07 seconds.[0m
notifying browser that file changed:  target/cljsbuild/public/js/out/q4/core.js
[0mCompiling "target/cljsbuild/public/js/app.js" from ["src/cljs" "src/cljc" "env/dev/cljs"]...[0m
[32mSuccessfully compiled "target/cljsbuild/public/js/app.js" in 0.903 seconds.[0m
[0mCompiling "target/cljsbuild/public/js/app.js" from ["src/cljs" "src/cljc" "env/dev/cljs"]...[0m
[32mSuccessfully compiled "target/cljsbuild/public/js/app.js" in 0.812 seconds.[0m
notifying browser that file changed:  target/cljsbuild/public/js/out/q4/core.js
[0mCompiling "target/cljsbuild/public/js/app.js" from ["src/cljs" "src/cljc" "env/dev/cljs"]...[0m
[32mSuccessfully compiled "target/cljsbuild/public/js/app.js" in 0.9 seconds.[0m
notifying browser that file changed:  target/cljsbuild/public/js/out/q4/core.js
[0mCompiling "target/cljsbuild/public/js/app.js" from ["src/cljs" "src/cljc" "env/dev/cljs"]...[0m
[32mSuccessfully compiled "target/cljsbuild/public/js/app.js" in 0.992 seconds.[0m
notifying browser that file changed:  target/cljsbuild/public/js/out/q4/core.js
[0mCompiling "target/cljsbuild/public/js/app.js" from ["src/cljs" "src/cljc" "env/dev/cljs"]...[0m
[32mSuccessfully compiled "target/cljsbuild/public/js/app.js" in 0.908 seconds.[0m
notifying browser that file changed:  target/cljsbuild/public/js/out/q4/core.js
[0mCompiling "target/cljsbuild/public/js/app.js" from ["src/cljs" "src/cljc" "env/dev/cljs"]...[0m
[36m----  Compiler Warning on   src/cljs/q4/core.cljs   line:55  column:7  ----[0m

  [1mWrong number of args (0) passed to cljs.core/update[0m

  [36m51[0m  [36m(defn hover [][0m
  [36m52[0m  [36m  (let [[hov-row hov-col] @(rf/subscribe [:hover-cell])][0m
  [36m53[0m  [36m    [:div[0m
  [36m54[0m  [36m     [:table {:style {:margin "auto"}}[0m
  [33m55[0m  [1m      (update )[0m
  [0m  [0m  [33m      ^--- Wrong number of args (0) passed to cljs.core/update[0m
  [36m56[0m  [36m      [:tr[0m
  [36m57[0m  [36m       [:td.hover-cell ][:td.hover-cell][:td.hover-cell][:td.hover-cell][:td.hover-cell][:td.hover-cell][:td.hover-cell]]]]))[0m
  [36m58[0m  [36m[0m
  [36m59[0m  [36m(defn game-chooser [][0m
  [36m60[0m  [36m  [:div.chooser "What do you want to play?"[0m

[36m----  Compiler Warning : Please see src/cljs/q4/core.cljs  ----[0m
[32mSuccessfully compiled "target/cljsbuild/public/js/app.js" in 1.328 seconds.[0m
notifying browser that file changed:  target/cljsbuild/public/js/out/q4/core.js
[0mCompiling "target/cljsbuild/public/js/app.js" from ["src/cljs" "src/cljc" "env/dev/cljs"]...[0m
[32mSuccessfully compiled "target/cljsbuild/public/js/app.js" in 1.173 seconds.[0m
notifying browser that file changed:  target/cljsbuild/public/js/out/q4/core.js
[0mCompiling "target/cljsbuild/public/js/app.js" from ["src/cljs" "src/cljc" "env/dev/cljs"]...[0m
[31mFailed to compile "target/cljsbuild/public/js/app.js" in 0.323 seconds.[0m
[36m----  Could not Read  src/cljs/q4/core.cljs   line:59 ----[0m

  [1m/home/benpalin/proj/q4/src/cljs/q4/core.cljs [line 59, col 31] Invalid reader tag: (str hov-col). Reader tags must be symbols.[0m

  [36m57[0m  [36m         [:td.hover-cell ][:td.hover-cell][:td.hover-cell][:td.hover-cell][:td.hover-cell][:td.hover-cell][:td.hover-cell]][0m
  [36m58[0m  [36m        (inc hov-col)[0m
  [33m59[0m  [1m        #(conj # (str hov-col)))]]))[0m
  [0m  [0m  [33m        /home/benpalin/proj/q4/src/cljs/q4/core.cljs [line 59, col 31] Invalid reader tag: (str hov-col). Reader tags must be symbols.[0m
  [36m60[0m  [36m[0m
  [36m61[0m  [36m(defn game-chooser [][0m
  [36m62[0m  [36m  [:div.chooser "What do you want to play?"[0m

[36m----  Reader Error : Please see src/cljs/q4/core.cljs  ----[0m
[0mCompiling "target/cljsbuild/public/js/app.js" from ["src/cljs" "src/cljc" "env/dev/cljs"]...[0m
[32mSuccessfully compiled "target/cljsbuild/public/js/app.js" in 0.827 seconds.[0m
notifying browser that file changed:  target/cljsbuild/public/js/out/q4/core.js
[0mCompiling "target/cljsbuild/public/js/app.js" from ["src/cljs" "src/cljc" "env/dev/cljs"]...[0m
[32mSuccessfully compiled "target/cljsbuild/public/js/app.js" in 0.959 seconds.[0m
notifying browser that file changed:  target/cljsbuild/public/js/out/q4/core.js
[0mCompiling "target/cljsbuild/public/js/app.js" from ["src/cljs" "src/cljc" "env/dev/cljs"]...[0m
[32mSuccessfully compiled "target/cljsbuild/public/js/app.js" in 0.881 seconds.[0m
notifying browser that file changed:  target/cljsbuild/public/js/out/q4/core.js
[0mCompiling "target/cljsbuild/public/js/app.js" from ["src/cljs" "src/cljc" "env/dev/cljs"]...[0m
[32mSuccessfully compiled "target/cljsbuild/public/js/app.js" in 0.836 seconds.[0m
notifying browser that file changed:  target/cljsbuild/public/js/out/q4/core.js
[0mCompiling "target/cljsbuild/public/js/app.js" from ["src/cljs" "src/cljc" "env/dev/cljs"]...[0m
[31mFailed to compile "target/cljsbuild/public/js/app.js" in 0.909 seconds.[0m
[36m----  Could not Read  src/cljs/q4/core.cljs   line:63 ----[0m

  [1m/home/benpalin/proj/q4/src/cljs/q4/core.cljs [line 63, col 35] Invalid reader tag: (conj % (...)). Reader tags must be symbols.[0m

  [36m61[0m  [36m        (inc hov-col)[0m
  [36m62[0m  [36m        #;(when active[0m
  [33m63[0m  [1m           (conj % (circle color)))]]))[0m
  [0m  [0m  [33m           /home/benpalin/proj/q4/src/cljs/q4/core.cljs [line 63, col 35] Invalid reader tag: (conj % (...)). Reader tags must be symbols.[0m
  [36m64[0m  [36m[0m
  [36m65[0m  [36m(defn game-chooser [][0m
  [36m66[0m  [36m  [:div.chooser "What do you want to play?"[0m

[36m----  Reader Error : Please see src/cljs/q4/core.cljs  ----[0m
[0mCompiling "target/cljsbuild/public/js/app.js" from ["src/cljs" "src/cljc" "env/dev/cljs"]...[0m
[36m----  Compiler Warning on   src/cljs/q4/core.cljs   line:58  column:7  ----[0m

  [1mWrong number of args (2) passed to cljs.core/update[0m

  [36m54[0m  [36m        active            @(rf/subscribe [:active])][0m
  [36m55[0m  [36m    [:div[0m
  [36m56[0m  [36m     [:table {:style {:margin "auto"}}[0m
  [36m57[0m  [36m[0m
  [33m58[0m  [1m      (update[0m
  [0m  [0m  [33m      ^--- Wrong number of args (2) passed to cljs.core/update[0m
  [36m59[0m  [36m        [:tr[0m
  [36m60[0m  [36m         [:td.hover-cell ][:td.hover-cell][:td.hover-cell][:td.hover-cell][:td.hover-cell][:td.hover-cell][:td.hover-cell]][0m
  [36m61[0m  [36m        (inc hov-col[0m
  [36m62[0m  [36m        ;#(when active[0m
  [36m63[0m  [36m           #(conj % (circle color))))]]))[0m

[36m----  Compiler Warning : Please see src/cljs/q4/core.cljs  ----[0m
[31mFailed to compile "target/cljsbuild/public/js/app.js" in 0.342 seconds.[0m
[36m----  Could not Analyze  src/cljs/q4/core.cljs   line:61  column:9  ----[0m

  [1mWrong number of args (2) passed to: core/inc[0m

  [36m59[0m  [36m[:tr[0m
  [36m60[0m  [36m [:td.hover-cell ][:td.hover-cell][:td.hover-cell][:td.hover-cell][:td.hover-cell][:td.hover-cell][:td.hover-cell]][0m
  [33m61[0m  [1m(inc hov-col[0m
  [0m  [0m  [33m^--- Wrong number of args (2) passed to: core/inc[0m
  [36m62[0m  [36m;#(when active[0m
  [36m63[0m  [36m   #(conj % (circle color))))]]))[0m

[36m----  Analysis Error : Please see src/cljs/q4/core.cljs  ----[0m
[0mCompiling "target/cljsbuild/public/js/app.js" from ["src/cljs" "src/cljc" "env/dev/cljs"]...[0m
[32mSuccessfully compiled "target/cljsbuild/public/js/app.js" in 0.971 seconds.[0m
[0mCompiling "target/cljsbuild/public/js/app.js" from ["src/cljs" "src/cljc" "env/dev/cljs"]...[0m
[32mSuccessfully compiled "target/cljsbuild/public/js/app.js" in 0.874 seconds.[0m
notifying browser that file changed:  target/cljsbuild/public/js/out/q4/core.js
[0mCompiling "target/cljsbuild/public/js/app.js" from ["src/cljs" "src/cljc" "env/dev/cljs"]...[0m
[32mSuccessfully compiled "target/cljsbuild/public/js/app.js" in 0.961 seconds.[0m
notifying browser that file changed:  target/cljsbuild/public/js/out/q4/core.js
[0mCompiling "target/cljsbuild/public/js/app.js" from ["src/cljs" "src/cljc" "env/dev/cljs"]...[0m
[32mSuccessfully compiled "target/cljsbuild/public/js/app.js" in 0.875 seconds.[0m
notifying browser that file changed:  target/cljsbuild/public/js/out/q4/core.js
[0mCompiling "target/cljsbuild/public/js/app.js" from ["src/cljs" "src/cljc" "env/dev/cljs"]...[0m
[32mSuccessfully compiled "target/cljsbuild/public/js/app.js" in 0.818 seconds.[0m
[0mCompiling "target/cljsbuild/public/js/app.js" from ["src/cljs" "src/cljc" "env/dev/cljs"]...[0m
[32mSuccessfully compiled "target/cljsbuild/public/js/app.js" in 0.712 seconds.[0m
notifying browser that file changed:  target/cljsbuild/public/js/out/q4/core.js
[0mCompiling "target/cljsbuild/public/js/app.js" from ["src/cljs" "src/cljc" "env/dev/cljs"]...[0m
[32mSuccessfully compiled "target/cljsbuild/public/js/app.js" in 0.791 seconds.[0m
notifying browser that file changed:  target/cljsbuild/public/js/out/q4/core.js
[0mCompiling "target/cljsbuild/public/js/app.js" from ["src/cljs" "src/cljc" "env/dev/cljs"]...[0m
[32mSuccessfully compiled "target/cljsbuild/public/js/app.js" in 0.775 seconds.[0m
notifying browser that file changed:  target/cljsbuild/public/js/out/q4/core.js
[0mCompiling "target/cljsbuild/public/js/app.js" from ["src/cljs" "src/cljc" "env/dev/cljs"]...[0m
[32mSuccessfully compiled "target/cljsbuild/public/js/app.js" in 0.863 seconds.[0m
notifying browser that file changed:  target/cljsbuild/public/js/out/q4/core.js
Notifying browser that CSS file changed: resources/public/css/screen.css
Notifying browser that CSS file changed: resources/public/css/screen.css
Notifying browser that CSS file changed: resources/public/css/screen.css
[0mCompiling "target/cljsbuild/public/js/app.js" from ["src/cljs" "src/cljc" "env/dev/cljs"]...[0m
[32mSuccessfully compiled "target/cljsbuild/public/js/app.js" in 0.853 seconds.[0m
[0mCompiling "target/cljsbuild/public/js/app.js" from ["src/cljs" "src/cljc" "env/dev/cljs"]...[0m
[32mSuccessfully compiled "target/cljsbuild/public/js/app.js" in 0.795 seconds.[0m
notifying browser that file changed:  target/cljsbuild/public/js/out/q4/core.js
[0mCompiling "target/cljsbuild/public/js/app.js" from ["src/cljs" "src/cljc" "env/dev/cljs"]...[0m
[32mSuccessfully compiled "target/cljsbuild/public/js/app.js" in 0.927 seconds.[0m
[0mCompiling "target/cljsbuild/public/js/app.js" from ["src/cljs" "src/cljc" "env/dev/cljs"]...[0m
[32mSuccessfully compiled "target/cljsbuild/public/js/app.js" in 0.802 seconds.[0m
notifying browser that file changed:  target/cljsbuild/public/js/out/q4/core.js
[0mCompiling "target/cljsbuild/public/js/app.js" from ["src/cljs" "src/cljc" "env/dev/cljs"]...[0m
[36m----  Compiler Warning on   src/cljs/q4/core.cljs   line:57  column:9  ----[0m

  [1mUse of undeclared Var q4.core/active[0m

  [36m53[0m  [36m   [:td.hover-cell][:td.hover-cell][:td.hover-cell][:td.hover-cell][:td.hover-cell][:td.hover-cell][:td.hover-cell]])[0m
  [36m54[0m  [36m[0m
  [36m55[0m  [36m(defn make-hover-cell [cell][0m
  [36m56[0m  [36m  (let [color @(rf/subscribe [:turn])][0m
  [33m57[0m  [1m    (if active[0m
  [0m  [0m  [33m        ^--- Use of undeclared Var q4.core/active[0m
  [36m58[0m  [36m      (conj cell (circle color))[0m
  [36m59[0m  [36m      cell)))[0m
  [36m60[0m  [36m[0m
  [36m61[0m  [36m(defn hover [][0m
  [36m62[0m  [36m  (let [[hov-row hov-col] @(rf/subscribe [:hover-cell])[0m

[36m----  Compiler Warning : Please see src/cljs/q4/core.cljs  ----[0m
[32mSuccessfully compiled "target/cljsbuild/public/js/app.js" in 0.939 seconds.[0m
notifying browser that file changed:  target/cljsbuild/public/js/out/q4/core.js
[0mCompiling "target/cljsbuild/public/js/app.js" from ["src/cljs" "src/cljc" "env/dev/cljs"]...[0m
[32mSuccessfully compiled "target/cljsbuild/public/js/app.js" in 0.766 seconds.[0m
notifying browser that file changed:  target/cljsbuild/public/js/out/q4/core.js
[0mCompiling "target/cljsbuild/public/js/app.js" from ["src/cljs" "src/cljc" "env/dev/cljs"]...[0m
[32mSuccessfully compiled "target/cljsbuild/public/js/app.js" in 0.794 seconds.[0m
notifying browser that file changed:  target/cljsbuild/public/js/out/q4/core.js
[0mCompiling "target/cljsbuild/public/js/app.js" from ["src/cljs" "src/cljc" "env/dev/cljs"]...[0m
[32mSuccessfully compiled "target/cljsbuild/public/js/app.js" in 0.839 seconds.[0m
notifying browser that file changed:  target/cljsbuild/public/js/out/q4/events.js
